

Started GET "/hi" for 127.0.0.1 at 2014-05-19 18:11:16 +0400

ActionController::RoutingError (No route matches [GET] "/hi"):
  actionpack (4.0.4) lib/action_dispatch/middleware/debug_exceptions.rb:21:in `call'
  actionpack (4.0.4) lib/action_dispatch/middleware/show_exceptions.rb:30:in `call'
  railties (4.0.4) lib/rails/rack/logger.rb:38:in `call_app'
  railties (4.0.4) lib/rails/rack/logger.rb:20:in `block in call'
  activesupport (4.0.4) lib/active_support/tagged_logging.rb:68:in `block in tagged'
  activesupport (4.0.4) lib/active_support/tagged_logging.rb:26:in `tagged'
  activesupport (4.0.4) lib/active_support/tagged_logging.rb:68:in `tagged'
  railties (4.0.4) lib/rails/rack/logger.rb:20:in `call'
  actionpack (4.0.4) lib/action_dispatch/middleware/request_id.rb:21:in `call'
  rack (1.5.2) lib/rack/methodoverride.rb:21:in `call'
  rack (1.5.2) lib/rack/runtime.rb:17:in `call'
  activesupport (4.0.4) lib/active_support/cache/strategy/local_cache.rb:83:in `call'
  rack (1.5.2) lib/rack/lock.rb:17:in `call'
  actionpack (4.0.4) lib/action_dispatch/middleware/static.rb:64:in `call'
  rack (1.5.2) lib/rack/sendfile.rb:112:in `call'
  railties (4.0.4) lib/rails/engine.rb:511:in `call'
  railties (4.0.4) lib/rails/application.rb:97:in `call'
  rack (1.5.2) lib/rack/lock.rb:17:in `call'
  rack (1.5.2) lib/rack/content_length.rb:14:in `call'
  rack (1.5.2) lib/rack/handler/webrick.rb:60:in `service'
  /usr/local/lib/ruby/2.1.0/webrick/httpserver.rb:138:in `service'
  /usr/local/lib/ruby/2.1.0/webrick/httpserver.rb:94:in `run'
  /usr/local/lib/ruby/2.1.0/webrick/server.rb:295:in `block in start_thread'


  Rendered /usr/local/lib/ruby/gems/2.1.0/gems/actionpack-4.0.4/lib/action_dispatch/middleware/templates/rescues/_trace.erb (0.9ms)
  Rendered /usr/local/lib/ruby/gems/2.1.0/gems/actionpack-4.0.4/lib/action_dispatch/middleware/templates/routes/_route.html.erb (0.8ms)
  Rendered /usr/local/lib/ruby/gems/2.1.0/gems/actionpack-4.0.4/lib/action_dispatch/middleware/templates/routes/_table.html.erb (13.4ms)
  Rendered /usr/local/lib/ruby/gems/2.1.0/gems/actionpack-4.0.4/lib/action_dispatch/middleware/templates/rescues/routing_error.erb within rescues/layout (34.1ms)


Started GET "/p" for 127.0.0.1 at 2014-05-19 18:11:43 +0400
Processing by PartnersController#index as HTML
  [1m[36mPartner Load (70.7ms)[0m  [1mSELECT "partners".* FROM "partners"[0m
Completed 200 OK in 466ms (Views: 45.5ms | ActiveRecord: 416.9ms)


Started GET "/0f9df7a6d20de8329d825c52269ba43e" for 127.0.0.1 at 2014-05-19 18:12:21 +0400
Processing by TopicsController#index as HTML
  Parameters: {"key"=>"0f9df7a6d20de8329d825c52269ba43e"}
  [1m[35mTopic Load (20.9ms)[0m  SELECT "topics".* FROM "topics" WHERE "topics"."key" = '0f9df7a6d20de8329d825c52269ba43e' LIMIT 1
  [1m[36mValue Load (104.2ms)[0m  [1mSELECT "values".* FROM "values" INNER JOIN "categories" ON "values"."category_id" = "categories"."id" WHERE (values.active = true and values.end_date > '2014-05-19') AND "categories"."topic_id" = $1 ORDER BY values.end_date, categories.order[0m  [["topic_id", 1]]
  [1m[35mCategory Load (1.0ms)[0m  SELECT "categories".* FROM "categories" WHERE "categories"."topic_id" = $1 ORDER BY categories.order  [["topic_id", 1]]
Completed 200 OK in 366ms (Views: 172.7ms | ActiveRecord: 145.5ms)


Started GET "/0f9df7a6d20de8329d825c52269ba43e/c?ids[]=1" for 127.0.0.1 at 2014-05-19 18:12:38 +0400
Processing by CategoriesController#category as HTML
  Parameters: {"ids"=>["1"], "key"=>"0f9df7a6d20de8329d825c52269ba43e"}
  [1m[36mTopic Load (0.7ms)[0m  [1mSELECT "topics".* FROM "topics" WHERE "topics"."key" = '0f9df7a6d20de8329d825c52269ba43e' LIMIT 1[0m
  [1m[35mCategory Load (0.9ms)[0m  SELECT "categories".* FROM "categories" WHERE "categories"."topic_id" = $1 AND "categories"."id" IN (1) ORDER BY categories.order  [["topic_id", 1]]
Completed 200 OK in 20ms (Views: 15.6ms | ActiveRecord: 1.6ms)


Started GET "/0f9df7a6d20de8329d825c52269ba43e/v?ids[]=5" for 127.0.0.1 at 2014-05-19 18:12:45 +0400
Processing by ValuesController#value as HTML
  Parameters: {"ids"=>["5"], "key"=>"0f9df7a6d20de8329d825c52269ba43e"}
  [1m[36mTopic Load (3.5ms)[0m  [1mSELECT "topics".* FROM "topics" WHERE "topics"."key" = '0f9df7a6d20de8329d825c52269ba43e' LIMIT 1[0m
  [1m[35mValue Load (1.7ms)[0m  SELECT "values".* FROM "values" INNER JOIN "categories" ON "values"."category_id" = "categories"."id" WHERE (values.active = true and values.end_date > '2014-05-19') AND "categories"."topic_id" = $1 AND "values"."id" IN (5) ORDER BY values.end_date, categories.order  [["topic_id", 1]]
  [1m[36mPromo Load (67.9ms)[0m  [1mSELECT "promos".* FROM "promos" WHERE "promos"."value_id" = $1 ORDER BY promos.order LIMIT 1[0m  [["value_id", 5]]
  [1m[35mDescription Load (3.2ms)[0m  SELECT "descriptions".* FROM "descriptions" WHERE "descriptions"."value_id" = $1 ORDER BY descriptions.order  [["value_id", 5]]
  [1m[36mDescriptionTemplate Load (26.6ms)[0m  [1mSELECT "description_templates".* FROM "description_templates" WHERE "description_templates"."id" = $1 LIMIT 1[0m  [["id", 10]]
  [1m[35mDescriptionTemplate Load (0.9ms)[0m  SELECT "description_templates".* FROM "description_templates" WHERE "description_templates"."id" = $1 LIMIT 1  [["id", 1]]
  [1m[36mDescriptionTemplate Load (0.6ms)[0m  [1mSELECT "description_templates".* FROM "description_templates" WHERE "description_templates"."id" = $1 LIMIT 1[0m  [["id", 2]]
  [1m[35mDescriptionTemplate Load (0.4ms)[0m  SELECT "description_templates".* FROM "description_templates" WHERE "description_templates"."id" = $1 LIMIT 1  [["id", 3]]
  [1m[36mDescriptionTemplate Load (1.9ms)[0m  [1mSELECT "description_templates".* FROM "description_templates" WHERE "description_templates"."id" = $1 LIMIT 1[0m  [["id", 4]]
  [1m[35mDescriptionTemplate Load (0.9ms)[0m  SELECT "description_templates".* FROM "description_templates" WHERE "description_templates"."id" = $1 LIMIT 1  [["id", 5]]
  [1m[36mDescriptionTemplate Load (0.9ms)[0m  [1mSELECT "description_templates".* FROM "description_templates" WHERE "description_templates"."id" = $1 LIMIT 1[0m  [["id", 6]]
  [1m[35mDescriptionTemplate Load (0.7ms)[0m  SELECT "description_templates".* FROM "description_templates" WHERE "description_templates"."id" = $1 LIMIT 1  [["id", 7]]
  [1m[36mDescriptionTemplate Load (0.5ms)[0m  [1mSELECT "description_templates".* FROM "description_templates" WHERE "description_templates"."id" = $1 LIMIT 1[0m  [["id", 8]]
  [1m[35mDescriptionTemplate Load (1.0ms)[0m  SELECT "description_templates".* FROM "description_templates" WHERE "description_templates"."id" = $1 LIMIT 1  [["id", 9]]
  [1m[36mPromo Load (1.1ms)[0m  [1mSELECT "promos".* FROM "promos" WHERE "promos"."value_id" = $1 ORDER BY promos.order[0m  [["value_id", 5]]
Completed 200 OK in 231ms (Views: 104.1ms | ActiveRecord: 121.9ms)
